"E:/Projects/UnrealEngine/DoctorVsZombie/Content/MyDoctorVsZombiePlayerController.uasset" 0
"E:/Projects/UnrealEngine/DoctorVsZombie/Content/MyDVZGameInstance.uasset" 1
"../../Plugins/2D/Paper2D/Content/PlaceholderTextures/DummySpriteTexture.uasset" 2
"../../Plugins/2D/Paper2D/Content/DefaultSpriteMaterial.uasset" 3
"../../Plugins/2D/Paper2D/Content/TranslucentUnlitSpriteMaterial.uasset" 4
"E:/Projects/UnrealEngine/DoctorVsZombie/Content/TopDownCPP/Animation/Images/Arsenal/BluePotion.uasset" 5
"E:/Projects/UnrealEngine/DoctorVsZombie/Content/TopDownCPP/Animation/Spirtes/Arsenal/BluePotion_Sprite.uasset" 6
"E:/Projects/UnrealEngine/DoctorVsZombie/Content/NewBlueprint.uasset" 7
"E:/Projects/UnrealEngine/DoctorVsZombie/Content/StarterContent/Materials/M_Basic_Wall.uasset" 8
"E:/Projects/UnrealEngine/DoctorVsZombie/Content/StarterContent/Shapes/Shape_NarrowCapsule_2.uasset" 9
"E:/Projects/UnrealEngine/DoctorVsZombie/Content/NewBlueprint1.uasset" 10
"E:/Projects/UnrealEngine/DoctorVsZombie/Content/Geometry/Meshes/CubeMaterial.uasset" 11
"E:/Projects/UnrealEngine/DoctorVsZombie/Content/Geometry/Meshes/1M_Cube.uasset" 12
"E:/Projects/UnrealEngine/DoctorVsZombie/Content/Geometry/Meshes/1M_Cube_Chamfer.uasset" 13
"E:/Projects/UnrealEngine/DoctorVsZombie/Content/Geometry/Meshes/TemplateFloor.uasset" 14
"E:/Projects/UnrealEngine/DoctorVsZombie/Content/Humans/Graphics/Human.uasset" 15
"E:/Projects/UnrealEngine/DoctorVsZombie/Content/Humans/Sprites/Human_Sprite_0.uasset" 16
"E:/Projects/UnrealEngine/DoctorVsZombie/Content/Humans/Sprites/Human.uasset" 17
"E:/Projects/UnrealEngine/DoctorVsZombie/Content/Mannequin/Character/Mesh/UE4_Mannequin_Skeleton.uasset" 18
"E:/Projects/UnrealEngine/DoctorVsZombie/Content/Mannequin/Animations/ThirdPersonJump_End.uasset" 19
"E:/Projects/UnrealEngine/DoctorVsZombie/Content/Mannequin/Animations/ThirdPersonJump_Loop.uasset" 20
"E:/Projects/UnrealEngine/DoctorVsZombie/Content/Mannequin/Animations/ThirdPersonJump_Start.uasset" 21
"E:/Projects/UnrealEngine/DoctorVsZombie/Content/Mannequin/Animations/ThirdPerson_Jump.uasset" 22
"E:/Projects/UnrealEngine/DoctorVsZombie/Content/Mannequin/Animations/ThirdPersonIdle.uasset" 23
"E:/Projects/UnrealEngine/DoctorVsZombie/Content/Mannequin/Animations/ThirdPersonRun.uasset" 24
"E:/Projects/UnrealEngine/DoctorVsZombie/Content/Mannequin/Animations/ThirdPersonWalk.uasset" 25
"E:/Projects/UnrealEngine/DoctorVsZombie/Content/Mannequin/Animations/ThirdPerson_IdleRun_2D.uasset" 26
"../../../Engine/Content/EditorBlueprintResources/StandardMacros.uasset" 27
"E:/Projects/UnrealEngine/DoctorVsZombie/Content/Mannequin/Animations/ThirdPerson_AnimBP.uasset" 28
"E:/Projects/UnrealEngine/DoctorVsZombie/Content/Mannequin/Character/Textures/T_UE4Logo_Mask.uasset" 29
"../../../Engine/Content/Functions/Engine_MaterialFunctions02/Utility/BlendAngleCorrectedNormals.uasset" 30
"../../../Engine/Content/Functions/MaterialLayerFunctions/MatLayerBlend_NormalBlend.uasset" 31
"E:/Projects/UnrealEngine/DoctorVsZombie/Content/Mannequin/Character/Materials/MaterialLayers/T_ML_Aluminum01.uasset" 32
"E:/Projects/UnrealEngine/DoctorVsZombie/Content/Mannequin/Character/Materials/MaterialLayers/T_ML_Aluminum01_N.uasset" 33
"E:/Projects/UnrealEngine/DoctorVsZombie/Content/Mannequin/Character/Materials/MaterialLayers/T_ML_Rubber_Blue_01_D.uasset" 34
"E:/Projects/UnrealEngine/DoctorVsZombie/Content/Mannequin/Character/Materials/MaterialLayers/T_ML_Rubber_Blue_01_N.uasset" 35
"E:/Projects/UnrealEngine/DoctorVsZombie/Content/Mannequin/Character/Textures/T_Male_Mask.uasset" 36
"E:/Projects/UnrealEngine/DoctorVsZombie/Content/Mannequin/Character/Textures/T_Male_N.uasset" 37
"../../../Engine/Content/Functions/MaterialLayerFunctions/MatLayerBlend_Simple.uasset" 38
"E:/Projects/UnrealEngine/DoctorVsZombie/Content/Mannequin/Character/Materials/MaterialLayers/ML_Plastic_Shiny_Beige.uasset" 39
"E:/Projects/UnrealEngine/DoctorVsZombie/Content/Mannequin/Character/Materials/MaterialLayers/ML_GlossyBlack_Latex_UE4.uasset" 40
"E:/Projects/UnrealEngine/DoctorVsZombie/Content/Mannequin/Character/Materials/MaterialLayers/ML_Plastic_Shiny_Beige_LOGO.uasset" 41
"E:/Projects/UnrealEngine/DoctorVsZombie/Content/Mannequin/Character/Materials/MaterialLayers/ML_SoftMetal_UE4.uasset" 42
"E:/Projects/UnrealEngine/DoctorVsZombie/Content/Mannequin/Character/Materials/M_Male_Body.uasset" 43
"E:/Projects/UnrealEngine/DoctorVsZombie/Content/Mannequin/Character/Textures/T_UE4Logo_N.uasset" 44
"E:/Projects/UnrealEngine/DoctorVsZombie/Content/Mannequin/Character/Materials/M_UE4Man_ChestLogo.uasset" 45
"E:/Projects/UnrealEngine/DoctorVsZombie/Content/Mannequin/Character/Mesh/SK_Mannequin_PhysicsAsset.uasset" 46
"E:/Projects/UnrealEngine/DoctorVsZombie/Content/Mannequin/Character/Mesh/SK_Mannequin.uasset" 47
"E:/Projects/UnrealEngine/DoctorVsZombie/Content/Mannequin/Character/Textures/T_Female_Mask.uasset" 48
"E:/Projects/UnrealEngine/DoctorVsZombie/Content/Mannequin/Character/Textures/T_Female_N.uasset" 49
"E:/Projects/UnrealEngine/DoctorVsZombie/Content/Mannequin/Character/Materials/MI_Female_Body.uasset" 50
"E:/Projects/UnrealEngine/DoctorVsZombie/Content/Mannequin/Character/Mesh/SK_Mannequin_Female_PhysicsAsset.uasset" 51
"E:/Projects/UnrealEngine/DoctorVsZombie/Content/Mannequin/Character/Mesh/SK_Mannequin_Female.uasset" 52
"E:/Projects/UnrealEngine/DoctorVsZombie/Content/TopDownCPP/Animation/Spirtes/Zombie/Zombie.uasset" 53
"E:/Projects/UnrealEngine/DoctorVsZombie/Content/TopDownCPP/Animation/Spirtes/Zombie/Zombie_Sprite_0.uasset" 54
"E:/Projects/UnrealEngine/DoctorVsZombie/Content/TopDownCPP/Animation/Spirtes/Zombie/Zombie1.uasset" 55
"E:/Projects/UnrealEngine/DoctorVsZombie/Content/NPC/Zombie.uasset" 56
"E:/Projects/UnrealEngine/DoctorVsZombie/Content/NPC/AI/Tasks/Sleep.uasset" 57
"E:/Projects/UnrealEngine/DoctorVsZombie/Content/NPC/AI/Tasks/FindRandomLocation.uasset" 58
"E:/Projects/UnrealEngine/DoctorVsZombie/Content/NPC/AI/ZombieBB.uasset" 59
"E:/Projects/UnrealEngine/DoctorVsZombie/Content/NPC/AI/ZombieBT.uasset" 60
"E:/Projects/UnrealEngine/DoctorVsZombie/Content/NPC/ZombieControllerV2.uasset" 61
"E:/Projects/UnrealEngine/DoctorVsZombie/Content/NPC/AI/Services/NewBlueprint.uasset" 62
"E:/Projects/UnrealEngine/DoctorVsZombie/Content/NPC/AI/Tasks/ChasePlayer.uasset" 63
"E:/Projects/UnrealEngine/DoctorVsZombie/Content/NPC/AI/Tasks/NewBlueprint.uasset" 64
"E:/Projects/UnrealEngine/DoctorVsZombie/Content/NPC/AI/Tasks/test2.uasset" 65
"E:/Projects/UnrealEngine/DoctorVsZombie/Content/NPC/AI/Tasks/TestGo.uasset" 66
"E:/Projects/UnrealEngine/DoctorVsZombie/Content/NPC/AI/Tasks/Split.uasset" 67
"E:/Projects/UnrealEngine/DoctorVsZombie/Content/NPC/AI/GreenZombieBT.uasset" 68
"E:/Projects/UnrealEngine/DoctorVsZombie/Content/NPC/Controllers/ZombieController.uasset" 69
"E:/Projects/UnrealEngine/DoctorVsZombie/Content/NPC/Controllers/GreenZombieController.uasset" 70
"E:/Projects/UnrealEngine/DoctorVsZombie/Content/NPC/Humans/EscapeFromZombie.uasset" 71
"E:/Projects/UnrealEngine/DoctorVsZombie/Content/NPC/Humans/HumanAI.uasset" 72
"E:/Projects/UnrealEngine/DoctorVsZombie/Content/NPC/Humans/HumanController.uasset" 73
"E:/Projects/UnrealEngine/DoctorVsZombie/Content/Sounds/Weapons/Bottle/Glass_shatter_debris_08.uasset" 74
"E:/Projects/UnrealEngine/DoctorVsZombie/Content/Sounds/Weapons/Bottle/Glass_shatter_debris_08_Cue.uasset" 75
"E:/Projects/UnrealEngine/DoctorVsZombie/Content/Sounds/Weapons/DartGun/Dart_Gun_01.uasset" 76
"E:/Projects/UnrealEngine/DoctorVsZombie/Content/Sounds/Weapons/DartGun/Dart_Gun_01_Cue.uasset" 77
"E:/Projects/UnrealEngine/DoctorVsZombie/Content/StarterContent/Architecture/Pillar_50x500.uasset" 78
"E:/Projects/UnrealEngine/DoctorVsZombie/Content/StarterContent/Architecture/Wall_400x300.uasset" 79
"E:/Projects/UnrealEngine/DoctorVsZombie/Content/StarterContent/Architecture/Wall_400x400.uasset" 80
"E:/Projects/UnrealEngine/DoctorVsZombie/Content/StarterContent/Architecture/Wall_500x500.uasset" 81
"E:/Projects/UnrealEngine/DoctorVsZombie/Content/StarterContent/Architecture/Wall_Door_400x400.uasset" 82
"E:/Projects/UnrealEngine/DoctorVsZombie/Content/StarterContent/Architecture/Wall_Window_400x400.uasset" 83
"E:/Projects/UnrealEngine/DoctorVsZombie/Content/StarterContent/Audio/Collapse01.uasset" 84
"E:/Projects/UnrealEngine/DoctorVsZombie/Content/StarterContent/Audio/Collapse02.uasset" 85
"E:/Projects/UnrealEngine/DoctorVsZombie/Content/StarterContent/Audio/Explosion01.uasset" 86
"E:/Projects/UnrealEngine/DoctorVsZombie/Content/StarterContent/Audio/Explosion02.uasset" 87
"E:/Projects/UnrealEngine/DoctorVsZombie/Content/StarterContent/Audio/Fire01.uasset" 88
"E:/Projects/UnrealEngine/DoctorVsZombie/Content/StarterContent/Audio/Fire_Sparks01.uasset" 89
"E:/Projects/UnrealEngine/DoctorVsZombie/Content/StarterContent/Audio/Light01.uasset" 90
"E:/Projects/UnrealEngine/DoctorVsZombie/Content/StarterContent/Audio/Light01_Cue.uasset" 91
"E:/Projects/UnrealEngine/DoctorVsZombie/Content/StarterContent/Audio/Light02.uasset" 92
"E:/Projects/UnrealEngine/DoctorVsZombie/Content/StarterContent/Audio/Light02_Cue.uasset" 93
"E:/Projects/UnrealEngine/DoctorVsZombie/Content/StarterContent/Audio/Smoke01.uasset" 94
"E:/Projects/UnrealEngine/DoctorVsZombie/Content/StarterContent/Audio/Starter_Birds01.uasset" 95
"E:/Projects/UnrealEngine/DoctorVsZombie/Content/StarterContent/Audio/Starter_Music01.uasset" 96
"E:/Projects/UnrealEngine/DoctorVsZombie/Content/StarterContent/Audio/Starter_Wind05.uasset" 97
"E:/Projects/UnrealEngine/DoctorVsZombie/Content/StarterContent/Audio/Starter_Wind06.uasset" 98
"E:/Projects/UnrealEngine/DoctorVsZombie/Content/StarterContent/Audio/Steam01.uasset" 99
"E:/Projects/UnrealEngine/DoctorVsZombie/Content/StarterContent/Textures/T_Smoke_Tiled_D.uasset" 100
"E:/Projects/UnrealEngine/DoctorVsZombie/Content/StarterContent/Textures/T_Smoke_SubUV.uasset" 101
"E:/Projects/UnrealEngine/DoctorVsZombie/Content/StarterContent/Particles/Materials/M_smoke_subUV.uasset" 102
"../../../Engine/Content/Functions/Engine_MaterialFunctions01/Gradient/RadialGradient.uasset" 103
"E:/Projects/UnrealEngine/DoctorVsZombie/Content/StarterContent/Particles/Materials/M_radial_ramp.uasset" 104
"E:/Projects/UnrealEngine/DoctorVsZombie/Content/StarterContent/Particles/Materials/m_flare_01.uasset" 105
"E:/Projects/UnrealEngine/DoctorVsZombie/Content/StarterContent/Textures/T_Explosion_SubUV.uasset" 106
"E:/Projects/UnrealEngine/DoctorVsZombie/Content/StarterContent/Particles/Materials/M_explosion_subUV.uasset" 107
"E:/Projects/UnrealEngine/DoctorVsZombie/Content/StarterContent/Textures/T_Burst_M.uasset" 108
"E:/Projects/UnrealEngine/DoctorVsZombie/Content/StarterContent/Particles/Materials/M_Burst.uasset" 109
"E:/Projects/UnrealEngine/DoctorVsZombie/Content/StarterContent/Particles/P_Explosion.uasset" 110
"E:/Projects/UnrealEngine/DoctorVsZombie/Content/StarterContent/Audio/Explosion_Cue.uasset" 111
"E:/Projects/UnrealEngine/DoctorVsZombie/Content/StarterContent/Blueprints/Blueprint_Effect_Explosion.uasset" 112
"../../../Engine/Content/EditorMeshes/ColorCalibrator/T_ColorGrid.uasset" 113
"E:/Projects/UnrealEngine/DoctorVsZombie/Content/StarterContent/Materials/M_ColorGrid_LowSpec.uasset" 114
"E:/Projects/UnrealEngine/DoctorVsZombie/Content/StarterContent/Textures/T_Bush_N.uasset" 115
"E:/Projects/UnrealEngine/DoctorVsZombie/Content/StarterContent/Textures/T_Bush_D.uasset" 116
"E:/Projects/UnrealEngine/DoctorVsZombie/Content/StarterContent/Props/Materials/M_Bush.uasset" 117
"E:/Projects/UnrealEngine/DoctorVsZombie/Content/StarterContent/Props/SM_Bush.uasset" 118
"E:/Projects/UnrealEngine/DoctorVsZombie/Content/StarterContent/Textures/T_Chair_N.uasset" 119
"E:/Projects/UnrealEngine/DoctorVsZombie/Content/StarterContent/Textures/T_Chair_M.uasset" 120
"E:/Projects/UnrealEngine/DoctorVsZombie/Content/StarterContent/Props/Materials/M_Chair.uasset" 121
"E:/Projects/UnrealEngine/DoctorVsZombie/Content/StarterContent/Props/SM_Couch.uasset" 122
"E:/Projects/UnrealEngine/DoctorVsZombie/Content/StarterContent/Textures/T_Door_N.uasset" 123
"E:/Projects/UnrealEngine/DoctorVsZombie/Content/StarterContent/Textures/T_Door_M.uasset" 124
"E:/Projects/UnrealEngine/DoctorVsZombie/Content/StarterContent/Props/Materials/M_Door.uasset" 125
"E:/Projects/UnrealEngine/DoctorVsZombie/Content/StarterContent/Materials/M_Glass.uasset" 126
"E:/Projects/UnrealEngine/DoctorVsZombie/Content/StarterContent/Props/SM_Door.uasset" 127
"E:/Projects/UnrealEngine/DoctorVsZombie/Content/StarterContent/Props/Materials/M_MaterialSphere_Plain.uasset" 128
"E:/Projects/UnrealEngine/DoctorVsZombie/Content/StarterContent/Props/Materials/M_MaterialSphere.uasset" 129
"E:/Projects/UnrealEngine/DoctorVsZombie/Content/StarterContent/Props/SM_MatPreviewMesh_02.uasset" 130
"E:/Projects/UnrealEngine/DoctorVsZombie/Content/StarterContent/Textures/T_RockMesh_N.uasset" 131
"E:/Projects/UnrealEngine/DoctorVsZombie/Content/StarterContent/Textures/T_RockMesh_M.uasset" 132
"E:/Projects/UnrealEngine/DoctorVsZombie/Content/StarterContent/Textures/T_Detail_Rocky_N.uasset" 133
"E:/Projects/UnrealEngine/DoctorVsZombie/Content/StarterContent/Textures/T_Rock_Basalt_D.uasset" 134
"E:/Projects/UnrealEngine/DoctorVsZombie/Content/StarterContent/Props/Materials/M_Rock.uasset" 135
"E:/Projects/UnrealEngine/DoctorVsZombie/Content/StarterContent/Props/SM_Rock.uasset" 136
"E:/Projects/UnrealEngine/DoctorVsZombie/Content/StarterContent/Textures/T_Shelf_N.uasset" 137
"E:/Projects/UnrealEngine/DoctorVsZombie/Content/StarterContent/Textures/T_Shelf_M.uasset" 138
"E:/Projects/UnrealEngine/DoctorVsZombie/Content/StarterContent/Props/Materials/M_Shelf.uasset" 139
"E:/Projects/UnrealEngine/DoctorVsZombie/Content/StarterContent/Props/SM_Shelf.uasset" 140
"E:/Projects/UnrealEngine/DoctorVsZombie/Content/StarterContent/Materials/M_Basic_Floor.uasset" 141
"E:/Projects/UnrealEngine/DoctorVsZombie/Content/StarterContent/Props/SM_Stairs.uasset" 142
"E:/Projects/UnrealEngine/DoctorVsZombie/Content/StarterContent/Shapes/Shape_Cone.uasset" 143
"E:/Projects/UnrealEngine/DoctorVsZombie/Content/StarterContent/Shapes/Shape_Cylinder.uasset" 144
"E:/Projects/UnrealEngine/DoctorVsZombie/Content/StarterContent/Shapes/Shape_NarrowCapsule.uasset" 145
"E:/Projects/UnrealEngine/DoctorVsZombie/Content/StarterContent/Shapes/Shape_Pipe.uasset" 146
"E:/Projects/UnrealEngine/DoctorVsZombie/Content/StarterContent/Shapes/Shape_Pipe_180.uasset" 147
"E:/Projects/UnrealEngine/DoctorVsZombie/Content/StarterContent/Shapes/Shape_Pipe_90.uasset" 148
"E:/Projects/UnrealEngine/DoctorVsZombie/Content/StarterContent/Shapes/Shape_Plane.uasset" 149
"E:/Projects/UnrealEngine/DoctorVsZombie/Content/StarterContent/Shapes/Shape_Torus.uasset" 150
"E:/Projects/UnrealEngine/DoctorVsZombie/Content/StarterContent/Shapes/Shape_Trim.uasset" 151
"E:/Projects/UnrealEngine/DoctorVsZombie/Content/StarterContent/Shapes/Shape_Trim_90_In.uasset" 152
"E:/Projects/UnrealEngine/DoctorVsZombie/Content/StarterContent/Shapes/Shape_Trim_90_Out.uasset" 153
"E:/Projects/UnrealEngine/DoctorVsZombie/Content/StarterContent/Shapes/Shape_TriPyramid.uasset" 154
"E:/Projects/UnrealEngine/DoctorVsZombie/Content/StarterContent/Shapes/Shape_Tube.uasset" 155
"E:/Projects/UnrealEngine/DoctorVsZombie/Content/StarterContent/Shapes/Shape_Wedge_A.uasset" 156
"E:/Projects/UnrealEngine/DoctorVsZombie/Content/StarterContent/Shapes/Shape_Wedge_B.uasset" 157
"E:/Projects/UnrealEngine/DoctorVsZombie/Content/StarterContent/Shapes/Shape_WideCapsule.uasset" 158
"E:/Projects/UnrealEngine/DoctorVsZombie/Content/Textures/Labo_Asset.uasset" 159
"E:/Projects/UnrealEngine/DoctorVsZombie/Content/Textures/Labo_Asset_TileSet.uasset" 160
"E:/Projects/UnrealEngine/DoctorVsZombie/Content/Textures/Labo_TileMap.uasset" 161
"E:/Projects/UnrealEngine/DoctorVsZombie/Content/Textures/NewBlueprint.uasset" 162
"E:/Projects/UnrealEngine/DoctorVsZombie/Content/TopDownCPP/TopDownOverview.uasset" 163
"E:/Projects/UnrealEngine/DoctorVsZombie/Content/TopDownCPP/Animation/DoctorAnimation_2.uasset" 164
"E:/Projects/UnrealEngine/DoctorVsZombie/Content/TopDownCPP/Animation/DoctorAnimation.uasset" 165
"E:/Projects/UnrealEngine/DoctorVsZombie/Content/New_Piskel_Auto1.uasset" 166
"E:/Projects/UnrealEngine/DoctorVsZombie/Content/TopDownCPP/Animation/Spirtes/Doctor/New_Piskel_Auto1_Sprite_0.uasset" 167
"E:/Projects/UnrealEngine/DoctorVsZombie/Content/TopDownCPP/Animation/Flipbooks/Doctor_Idle.uasset" 168
"E:/Projects/UnrealEngine/DoctorVsZombie/Content/TopDownCPP/Animation/Spirtes/Doctor/New_Piskel_Auto1_Sprite_4.uasset" 169
"E:/Projects/UnrealEngine/DoctorVsZombie/Content/TopDownCPP/Animation/Spirtes/Doctor/New_Piskel_Auto1_Sprite_3.uasset" 170
"E:/Projects/UnrealEngine/DoctorVsZombie/Content/TopDownCPP/Animation/Flipbooks/Doctor_Moving.uasset" 171
"E:/Projects/UnrealEngine/DoctorVsZombie/Content/TopDownCPP/Animation/DoctorAnimation_11.uasset" 172
"E:/Projects/UnrealEngine/DoctorVsZombie/Content/TopDownCPP/Animation/DoctorAnimation_12.uasset" 173
"E:/Projects/UnrealEngine/DoctorVsZombie/Content/TopDownCPP/Animation/Flipbooks/temp/New_Piskel_Auto1_Sprite_22.uasset" 174
"E:/Projects/UnrealEngine/DoctorVsZombie/Content/TopDownCPP/Animation/Flipbooks/temp/New_Piskel_Auto1_Sprite_20.uasset" 175
"E:/Projects/UnrealEngine/DoctorVsZombie/Content/TopDownCPP/Animation/Flipbooks/temp/New_Piskel_Auto1_Sprite_19.uasset" 176
"E:/Projects/UnrealEngine/DoctorVsZombie/Content/TopDownCPP/Animation/Flipbooks/Doctor_Throw.uasset" 177
"E:/Projects/UnrealEngine/DoctorVsZombie/Content/TopDownCPP/Animation/DoctorAnimation_13.uasset" 178
"E:/Projects/UnrealEngine/DoctorVsZombie/Content/TopDownCPP/Blueprints/TopDownCharacter.uasset" 179
"E:/Projects/UnrealEngine/DoctorVsZombie/Content/TopDownCPP/Animation/Flipbooks/DoctorAnimation_4.uasset" 180
"E:/Projects/UnrealEngine/DoctorVsZombie/Content/TopDownCPP/Animation/DoctorAnimation_8.uasset" 181
"E:/Projects/UnrealEngine/DoctorVsZombie/Content/TopDownCPP/Animation/DoctorAnimation_4.uasset" 182
"E:/Projects/UnrealEngine/DoctorVsZombie/Content/TopDownCPP/Animation/DoctorAnimation_5.uasset" 183
"E:/Projects/UnrealEngine/DoctorVsZombie/Content/TopDownCPP/Animation/DoctorAnimation_6.uasset" 184
"E:/Projects/UnrealEngine/DoctorVsZombie/Content/TopDownCPP/Animation/DoctorAnimation_7.uasset" 185
"E:/Projects/UnrealEngine/DoctorVsZombie/Content/TopDownCPP/Animation/Flipbooks/Arsenal/BluePotion_Flipbook.uasset" 186
"E:/Projects/UnrealEngine/DoctorVsZombie/Content/TopDownCPP/Animation/Images/Arsenal/Dart.uasset" 187
"E:/Projects/UnrealEngine/DoctorVsZombie/Content/TopDownCPP/Animation/Spirtes/Arsenal/Dart_Sprite.uasset" 188
"E:/Projects/UnrealEngine/DoctorVsZombie/Content/TopDownCPP/Animation/Flipbooks/Arsenal/Dart_Flipbook.uasset" 189
"E:/Projects/UnrealEngine/DoctorVsZombie/Content/TopDownCPP/Animation/Images/Arsenal/GreenPotion.uasset" 190
"E:/Projects/UnrealEngine/DoctorVsZombie/Content/TopDownCPP/Animation/Spirtes/Arsenal/GreenPotion_Sprite.uasset" 191
"E:/Projects/UnrealEngine/DoctorVsZombie/Content/TopDownCPP/Animation/Flipbooks/Arsenal/GreenPotion_Flipbook.uasset" 192
"E:/Projects/UnrealEngine/DoctorVsZombie/Content/TopDownCPP/Animation/Images/Arsenal/Potion1.uasset" 193
"E:/Projects/UnrealEngine/DoctorVsZombie/Content/TopDownCPP/Animation/Spirtes/Arsenal/Potion1_Sprite.uasset" 194
"E:/Projects/UnrealEngine/DoctorVsZombie/Content/TopDownCPP/Animation/Flipbooks/Arsenal/Potion.uasset" 195
"E:/Projects/UnrealEngine/DoctorVsZombie/Content/TopDownCPP/Animation/Images/Arsenal/PurplePotion.uasset" 196
"E:/Projects/UnrealEngine/DoctorVsZombie/Content/TopDownCPP/Animation/Spirtes/Arsenal/PurplePotion_Sprite.uasset" 197
"E:/Projects/UnrealEngine/DoctorVsZombie/Content/TopDownCPP/Animation/Flipbooks/Arsenal/PurplePotion_Flipbook.uasset" 198
"E:/Projects/UnrealEngine/DoctorVsZombie/Content/TopDownCPP/Animation/Images/Arsenal/RedPotion.uasset" 199
"E:/Projects/UnrealEngine/DoctorVsZombie/Content/TopDownCPP/Animation/Spirtes/Arsenal/RedPotion_Sprite.uasset" 200
"E:/Projects/UnrealEngine/DoctorVsZombie/Content/TopDownCPP/Animation/Flipbooks/Arsenal/RedPotion_Flipbook.uasset" 201
"E:/Projects/UnrealEngine/DoctorVsZombie/Content/TopDownCPP/Animation/Spirtes/Doctor/New_Piskel_Auto1_Sprite_1.uasset" 202
"E:/Projects/UnrealEngine/DoctorVsZombie/Content/TopDownCPP/Animation/Spirtes/Doctor/New_Piskel_Auto1_Sprite_10.uasset" 203
"E:/Projects/UnrealEngine/DoctorVsZombie/Content/TopDownCPP/Animation/Spirtes/Doctor/New_Piskel_Auto1_Sprite_11.uasset" 204
"E:/Projects/UnrealEngine/DoctorVsZombie/Content/TopDownCPP/Animation/Spirtes/Doctor/New_Piskel_Auto1_Sprite_12.uasset" 205
"E:/Projects/UnrealEngine/DoctorVsZombie/Content/TopDownCPP/Animation/Spirtes/Doctor/New_Piskel_Auto1_Sprite_13.uasset" 206
"E:/Projects/UnrealEngine/DoctorVsZombie/Content/TopDownCPP/Animation/Spirtes/Doctor/New_Piskel_Auto1_Sprite_14.uasset" 207
"E:/Projects/UnrealEngine/DoctorVsZombie/Content/TopDownCPP/Animation/Spirtes/Doctor/New_Piskel_Auto1_Sprite_15.uasset" 208
"E:/Projects/UnrealEngine/DoctorVsZombie/Content/TopDownCPP/Animation/Spirtes/Doctor/New_Piskel_Auto1_Sprite_16.uasset" 209
"E:/Projects/UnrealEngine/DoctorVsZombie/Content/TopDownCPP/Animation/Spirtes/Doctor/New_Piskel_Auto1_Sprite_17.uasset" 210
"E:/Projects/UnrealEngine/DoctorVsZombie/Content/TopDownCPP/Animation/Spirtes/Doctor/New_Piskel_Auto1_Sprite_18.uasset" 211
"E:/Projects/UnrealEngine/DoctorVsZombie/Content/TopDownCPP/Animation/Spirtes/Doctor/New_Piskel_Auto1_Sprite_19.uasset" 212
"E:/Projects/UnrealEngine/DoctorVsZombie/Content/TopDownCPP/Animation/Spirtes/Doctor/New_Piskel_Auto1_Sprite_2.uasset" 213
"E:/Projects/UnrealEngine/DoctorVsZombie/Content/TopDownCPP/Animation/Spirtes/Doctor/New_Piskel_Auto1_Sprite_20.uasset" 214
"E:/Projects/UnrealEngine/DoctorVsZombie/Content/TopDownCPP/Animation/Spirtes/Doctor/New_Piskel_Auto1_Sprite_21.uasset" 215
"E:/Projects/UnrealEngine/DoctorVsZombie/Content/TopDownCPP/Animation/Spirtes/Doctor/New_Piskel_Auto1_Sprite_22.uasset" 216
"E:/Projects/UnrealEngine/DoctorVsZombie/Content/TopDownCPP/Animation/Spirtes/Doctor/New_Piskel_Auto1_Sprite_23.uasset" 217
"E:/Projects/UnrealEngine/DoctorVsZombie/Content/TopDownCPP/Animation/Spirtes/Doctor/New_Piskel_Auto1_Sprite_24.uasset" 218
"E:/Projects/UnrealEngine/DoctorVsZombie/Content/TopDownCPP/Animation/Spirtes/Doctor/New_Piskel_Auto1_Sprite_25.uasset" 219
"E:/Projects/UnrealEngine/DoctorVsZombie/Content/TopDownCPP/Animation/Spirtes/Doctor/New_Piskel_Auto1_Sprite_26.uasset" 220
"E:/Projects/UnrealEngine/DoctorVsZombie/Content/TopDownCPP/Animation/Spirtes/Doctor/New_Piskel_Auto1_Sprite_27.uasset" 221
"E:/Projects/UnrealEngine/DoctorVsZombie/Content/TopDownCPP/Animation/Spirtes/Doctor/New_Piskel_Auto1_Sprite_28.uasset" 222
"E:/Projects/UnrealEngine/DoctorVsZombie/Content/TopDownCPP/Animation/Spirtes/Doctor/New_Piskel_Auto1_Sprite_29.uasset" 223
"E:/Projects/UnrealEngine/DoctorVsZombie/Content/TopDownCPP/Animation/Spirtes/Doctor/New_Piskel_Auto1_Sprite_30.uasset" 224
"E:/Projects/UnrealEngine/DoctorVsZombie/Content/TopDownCPP/Animation/Spirtes/Doctor/New_Piskel_Auto1_Sprite_31.uasset" 225
"E:/Projects/UnrealEngine/DoctorVsZombie/Content/TopDownCPP/Animation/Spirtes/Doctor/New_Piskel_Auto1_Sprite_32.uasset" 226
"E:/Projects/UnrealEngine/DoctorVsZombie/Content/TopDownCPP/Animation/Spirtes/Doctor/New_Piskel_Auto1_Sprite_34.uasset" 227
"E:/Projects/UnrealEngine/DoctorVsZombie/Content/TopDownCPP/Animation/Spirtes/Doctor/New_Piskel_Auto1_Sprite_35.uasset" 228
"E:/Projects/UnrealEngine/DoctorVsZombie/Content/TopDownCPP/Animation/Spirtes/Doctor/New_Piskel_Auto1_Sprite_36.uasset" 229
"E:/Projects/UnrealEngine/DoctorVsZombie/Content/TopDownCPP/Animation/Spirtes/Doctor/New_Piskel_Auto1_Sprite_37.uasset" 230
"E:/Projects/UnrealEngine/DoctorVsZombie/Content/TopDownCPP/Animation/Spirtes/Doctor/New_Piskel_Auto1_Sprite_38.uasset" 231
"E:/Projects/UnrealEngine/DoctorVsZombie/Content/TopDownCPP/Animation/Spirtes/Doctor/New_Piskel_Auto1_Sprite_39.uasset" 232
"E:/Projects/UnrealEngine/DoctorVsZombie/Content/TopDownCPP/Animation/Spirtes/Doctor/New_Piskel_Auto1_Sprite_40.uasset" 233
"E:/Projects/UnrealEngine/DoctorVsZombie/Content/TopDownCPP/Animation/Spirtes/Doctor/New_Piskel_Auto1_Sprite_41.uasset" 234
"E:/Projects/UnrealEngine/DoctorVsZombie/Content/TopDownCPP/Animation/Spirtes/Doctor/New_Piskel_Auto1_Sprite_42.uasset" 235
"E:/Projects/UnrealEngine/DoctorVsZombie/Content/TopDownCPP/Animation/Spirtes/Doctor/New_Piskel_Auto1_Sprite_43.uasset" 236
"E:/Projects/UnrealEngine/DoctorVsZombie/Content/TopDownCPP/Animation/Spirtes/Doctor/New_Piskel_Auto1_Sprite_44.uasset" 237
"E:/Projects/UnrealEngine/DoctorVsZombie/Content/TopDownCPP/Animation/Spirtes/Doctor/New_Piskel_Auto1_Sprite_45.uasset" 238
"E:/Projects/UnrealEngine/DoctorVsZombie/Content/TopDownCPP/Animation/Spirtes/Doctor/New_Piskel_Auto1_Sprite_46.uasset" 239
"E:/Projects/UnrealEngine/DoctorVsZombie/Content/TopDownCPP/Animation/Spirtes/Doctor/New_Piskel_Auto1_Sprite_5.uasset" 240
"E:/Projects/UnrealEngine/DoctorVsZombie/Content/TopDownCPP/Animation/Spirtes/Doctor/New_Piskel_Auto1_Sprite_6.uasset" 241
"E:/Projects/UnrealEngine/DoctorVsZombie/Content/TopDownCPP/Animation/Spirtes/Doctor/New_Piskel_Auto1_Sprite_7.uasset" 242
"E:/Projects/UnrealEngine/DoctorVsZombie/Content/TopDownCPP/Animation/Spirtes/Doctor/New_Piskel_Auto1_Sprite_8.uasset" 243
"E:/Projects/UnrealEngine/DoctorVsZombie/Content/TopDownCPP/Animation/Spirtes/Doctor/New_Piskel_Auto1_Sprite_9.uasset" 244
"E:/Projects/UnrealEngine/DoctorVsZombie/Content/TopDownCPP/Blueprints/Doctor.uasset" 245
"E:/Projects/UnrealEngine/DoctorVsZombie/Content/TopDownCPP/Blueprints/DoctorPlayerController_BP.uasset" 246
"E:/Projects/UnrealEngine/DoctorVsZombie/Content/TopDownCPP/Animation/Spirtes/Doctor/New_Piskel_Auto1_Sprite_33.uasset" 247
"E:/Projects/UnrealEngine/DoctorVsZombie/Content/TopDownCPP/Animation/Flipbooks/DoctorShot.uasset" 248
"E:/Projects/UnrealEngine/DoctorVsZombie/Content/TopDownCPP/Animation/DoctorAnimation_9.uasset" 249
"E:/Projects/UnrealEngine/DoctorVsZombie/Content/MyDoctorCharacter.uasset" 250
"E:/Projects/UnrealEngine/DoctorVsZombie/Content/TopDownCPP/Blueprints/DoctorVsZombieGameMode_BP.uasset" 251
"../../../Engine/Content/Functions/Engine_MaterialFunctions01/Density/ExponentialDensity.uasset" 252
"../../../Engine/Content/Functions/Engine_MaterialFunctions01/Gradient/RadialGradientExponential.uasset" 253
"E:/Projects/UnrealEngine/DoctorVsZombie/Content/TopDownCPP/Blueprints/M_Cursor_Decal.uasset" 254
"E:/Projects/UnrealEngine/DoctorVsZombie/Content/TopDownCPP/Blueprints/TopDownCharacter_Child.uasset" 255
"../../../Engine/Content/Functions/Engine_MaterialFunctions01/Opacity/CameraDepthFade.uasset" 256
"../../../Engine/Content/EngineMaterials/T_Default_Material_Grid_N.uasset" 257
"../../../Engine/Content/EngineMaterials/T_Default_Material_Grid_M.uasset" 258
"../../../Engine/Content/EngineMaterials/WorldGridMaterial.uasset" 259
"E:/Projects/UnrealEngine/DoctorVsZombie/Content/StarterContent/Props/MaterialSphere.uasset" 260
"E:/Projects/UnrealEngine/DoctorVsZombie/Content/TopDownCPP/Blueprints/Fight/Projectile_BP.uasset" 261
"E:/Projects/UnrealEngine/DoctorVsZombie/Content/TopDownCPP/Blueprints/Fight/untitled.uasset" 262
"E:/Projects/UnrealEngine/DoctorVsZombie/Content/TopDownCPP/Blueprints/Fight/untitled_Sprite_0.uasset" 263
"E:/Projects/UnrealEngine/DoctorVsZombie/Content/TopDownCPP/Blueprints/Fight/untitled1.uasset" 264
"E:/Projects/UnrealEngine/DoctorVsZombie/Content/TopDownCPP/Blueprints/Fight/syringe.uasset" 265
"E:/Projects/UnrealEngine/DoctorVsZombie/Content/Widgets/ZombieHealthbar.uasset" 266
"E:/Projects/UnrealEngine/DoctorVsZombie/Content/Widgets/Equipment/Equipment.uasset" 267
"E:/Projects/UnrealEngine/DoctorVsZombie/Content/Widgetsmenu/GUI_Cursor.uasset" 268
"E:/Projects/UnrealEngine/DoctorVsZombie/Content/Widgetsmenu/GUI_Exit.uasset" 269
"E:/Projects/UnrealEngine/DoctorVsZombie/Content/Widgetsmenu/GUI_Load.uasset" 270
"E:/Projects/UnrealEngine/DoctorVsZombie/Content/Widgetsmenu/GUI_play.uasset" 271
"E:/Projects/UnrealEngine/DoctorVsZombie/Content/Widgetsmenu/GUI_Save.uasset" 272
"E:/Projects/UnrealEngine/DoctorVsZombie/Content/Widgetsmenu/GUI_Settings.uasset" 273
"E:/Projects/UnrealEngine/DoctorVsZombie/Content/Widgetsmenu/save_box.uasset" 274
"E:/Projects/UnrealEngine/DoctorVsZombie/Content/Widgetsmenu/test1.uasset" 275
"E:/Projects/UnrealEngine/DoctorVsZombie/Content/Widgetsmenu/test3.uasset" 276
"E:/Projects/UnrealEngine/DoctorVsZombie/Content/TopDownCPP/Animation/DoctorAnimation_10.uasset" 277
"E:/Projects/UnrealEngine/DoctorVsZombie/Content/TopDownCPP/Animation/Flipbooks/DoctorAnimation_5.uasset" 278
"../../../Engine/Content/Animation/DefaultAnimBoneCompressionSettings.uasset" 279
"../../../Engine/Content/Animation/DefaultAnimCurveCompressionSettings.uasset" 280
"../../../Engine/Content/ArtTools/RenderToTexture/Meshes/S_1_Unit_Plane.uasset" 281
"../../../Engine/Content/EngineMaterials/DefaultMaterial.uasset" 282
"../../../Engine/Content/BasicShapes/Cone.uasset" 283
"../../../Engine/Content/BasicShapes/Plane.uasset" 284
"../../../Engine/Content/EditorLandscapeResources/DataLayer.uasset" 285
"../../../Engine/Content/EditorLandscapeResources/DefaultAlphaTexture.uasset" 286
"../../../Engine/Content/EditorMaterials/MAT_Groups_Toggle.uasset" 287
"../../../Engine/Content/EditorMaterials/MAT_Groups_Visibility.uasset" 288
"../../../Engine/Content/EditorMaterials/PreviewShadowIndicator.uasset" 289
"../../../Engine/Content/EditorMaterials/PreviewShadowIndicatorMaterial.uasset" 290
"../../../Engine/Content/EditorMaterials/MatineeGroups/MAT_ColorTrack.uasset" 291
"../../../Engine/Content/EditorMaterials/MatineeGroups/MAT_Groups_Anim.uasset" 292
"../../../Engine/Content/EditorMaterials/MatineeGroups/MAT_Groups_AudioMaster.uasset" 293
"../../../Engine/Content/EditorMaterials/MatineeGroups/MAT_Groups_Director.uasset" 294
"../../../Engine/Content/EditorMaterials/MatineeGroups/MAT_Groups_Event.uasset" 295
"../../../Engine/Content/EditorMaterials/MatineeGroups/MAT_Groups_Fade.uasset" 296
"../../../Engine/Content/EditorMaterials/MatineeGroups/MAT_Groups_Float.uasset" 297
"../../../Engine/Content/EditorMaterials/MatineeGroups/MAT_Groups_Move.uasset" 298
"../../../Engine/Content/EditorMaterials/MatineeGroups/MAT_Groups_Slomo.uasset" 299
"../../../Engine/Content/EditorMaterials/MatineeGroups/MAT_Groups_Sound.uasset" 300
"../../../Engine/Content/EditorMaterials/MatineeGroups/MAT_Groups_Vector.uasset" 301
"../../../Engine/Content/EditorMaterials/ParticleSystems/PSysThumbnail_NoImage.uasset" 302
"../../../Engine/Content/EditorMaterials/ParticleSystems/PSysThumbnail_OOD.uasset" 303
"../../../Engine/Content/EditorMaterials/Camera/CineMat.uasset" 304
"../../../Engine/Content/EditorMaterials/Camera/MI_CineMat_Rig.uasset" 305
"../../../Engine/Content/EditorMeshes/Camera/SM_CraneRig_Arm.uasset" 306
"../../../Engine/Content/EditorMeshes/Camera/SM_CraneRig_Base.uasset" 307
"../../../Engine/Content/EditorMeshes/Camera/SM_CraneRig_Body.uasset" 308
"../../../Engine/Content/EditorMeshes/Camera/SM_CraneRig_Mount.uasset" 309
"../../../Engine/Content/EditorMeshes/Camera/SM_RailRig_Mount.uasset" 310
"../../../Engine/Content/EditorMeshes/Camera/SM_RailRig_Track.uasset" 311
"../../../Engine/Content/EditorResources/BSPVertex.uasset" 312
"../../../Engine/Content/EditorResources/EmptyActor.uasset" 313
"../../../Engine/Content/EditorResources/S_Actor.uasset" 314
"../../../Engine/Content/EditorResources/S_Note.uasset" 315
"../../../Engine/Content/EditorResources/S_Solver.uasset" 316
"../../../Engine/Content/EditorResources/S_Terrain.uasset" 317
"../../../Engine/Content/EditorResources/S_Trigger.uasset" 318
"../../../Engine/Content/EditorResources/AudioIcons/S_AudioComponent.uasset" 319
"../../../Engine/Content/EditorResources/AudioIcons/S_AudioComponent_AutoActivate.uasset" 320
"../../../Engine/Content/EditorResources/LightIcons/S_LightError.uasset" 321
"../../../Engine/Content/EditorResources/SequenceRecorder/Countdown.uasset" 322
"../../../Engine/Content/EditorResources/SequenceRecorder/RecordingIndicator.uasset" 323
"../../../Engine/Content/EngineDamageTypes/DmgTypeBP_Environmental.uasset" 324
"../../../Engine/Content/EngineDebugMaterials/DebugEditorMaterial.uasset" 325
"../../../Engine/Content/EngineDebugMaterials/DebugMeshMaterial.uasset" 326
"../../../Engine/Content/EngineDebugMaterials/M_SimpleUnlitTranslucent.uasset" 327
"../../../Engine/Content/Functions/Engine_MaterialFunctions02/Utility/CameraDirectionVector.uasset" 328
"../../../Engine/Content/EngineDebugMaterials/VolumeToRender.uasset" 329
"../../../Engine/Content/EngineDebugMaterials/M_VolumeRenderSphereTracePP.uasset" 330
"../../../Engine/Content/Functions/Engine_MaterialFunctions01/Shading/ConvertFromDiffSpec.uasset" 331
"../../../Engine/Content/EngineDebugMaterials/VertexColorMaterial.uasset" 332
"../../../Engine/Content/EngineDebugMaterials/WireframeMaterial.uasset" 333
"../../../Engine/Content/EngineFonts/Faces/RobotoRegular.uasset" 334
"../../../Engine/Content/EngineFonts/Faces/RobotoLight.uasset" 335
"../../../Engine/Content/EngineFonts/Faces/RobotoItalic.uasset" 336
"../../../Engine/Content/EngineFonts/Faces/RobotoBoldItalic.uasset" 337
"../../../Engine/Content/EngineFonts/Faces/RobotoBold.uasset" 338
"../../../Engine/Content/EngineFonts/Faces/DroidSansFallback.uasset" 339
"../../../Engine/Content/EngineFonts/Roboto.uasset" 340
"../../../Engine/Content/EngineMaterials/BaseFlattenNormalMap.uasset" 341
"../../../Engine/Content/EngineMaterials/BaseFlattenGrayscaleMap.uasset" 342
"../../../Engine/Content/EngineMaterials/BaseFlattenEmissiveMap.uasset" 343
"../../../Engine/Content/EngineMaterials/BaseFlattenDiffuseMap.uasset" 344
"../../../Engine/Content/EngineMaterials/BaseFlattenMaterial.uasset" 345
"../../../Engine/Content/EngineMaterials/BlueNoise.uasset" 346
"../../../Engine/Content/EngineMaterials/DefaultBloomKernel.uasset" 347
"../../../Engine/Content/EngineMaterials/DefaultBokeh.uasset" 348
"../../../Engine/Content/EngineMaterials/DefaultDiffuse.uasset" 349
"../../../Engine/Content/EngineMaterials/DefaultDeferredDecalMaterial.uasset" 350
"../../../Engine/Content/EngineMaterials/DefaultLightFunctionMaterial.uasset" 351
"../../../Engine/Content/EngineMaterials/DefaultPhysicalMaterial.uasset" 352
"../../../Engine/Content/Functions/Engine_MaterialFunctions02/Utility/BreakOutFloat2Components.uasset" 353
"../../../Engine/Content/EngineMaterials/DefaultPostProcessMaterial.uasset" 354
"../../../Engine/Content/EngineFonts/RobotoDistanceField.uasset" 355
"../../../Engine/Content/EngineMaterials/DefaultTextMaterialOpaque.uasset" 356
"../../../Engine/Content/EngineMaterials/DefaultWhiteGrid.uasset" 357
"../../../Engine/Content/EngineMaterials/DefaultWhiteGrid_Low.uasset" 358
"../../../Engine/Content/EngineMaterials/EmissiveMeshMaterial.uasset" 359
"../../../Engine/Content/EngineMaterials/GizmoMaterial.uasset" 360
"../../../Engine/Content/EngineMaterials/Good64x64TilingNoiseHighFreq.uasset" 361
"../../../Engine/Content/EngineMaterials/MiniFont.uasset" 362
"../../../Engine/Content/EngineMaterials/InvalidLightmapSettings.uasset" 363
"../../../Engine/Content/EngineMaterials/M_InvalidLightmapSettings.uasset" 364
"../../../Engine/Content/Functions/Engine_MaterialFunctions02/WorldPositionOffset/CameraOffset.uasset" 365
"../../../Engine/Content/EngineMaterials/PhAT_JointLimitMaterial.uasset" 366
"../../../Engine/Content/EngineMaterials/PreintegratedSkinBRDF.uasset" 367
"../../../Engine/Content/EngineMaterials/RemoveSurfaceMaterial.uasset" 368
"../../../Engine/Content/EngineMaterials/WeightMapPlaceholderTexture.uasset" 369
"../../../Engine/Content/EngineResources/WhiteSquareTexture.uasset" 370
"../../../Engine/Content/EngineMaterials/Widget3DPassThrough.uasset" 371
"../../../Engine/Content/EngineMaterials/Widget3DPassThrough_Masked.uasset" 372
"../../../Engine/Content/EngineMaterials/Widget3DPassThrough_Opaque.uasset" 373
"../../../Engine/Content/EngineMaterials/Widget3DPassThrough_Masked_OneSided.uasset" 374
"../../../Engine/Content/EngineMaterials/Widget3DPassThrough_Opaque_OneSided.uasset" 375
"../../../Engine/Content/EngineMaterials/Widget3DPassThrough_Translucent.uasset" 376
"../../../Engine/Content/EngineMaterials/Widget3DPassThrough_Translucent_OneSided.uasset" 377
"../../../Engine/Content/EngineMeshes/Cylinder.uasset" 378
"../../../Engine/Content/EngineMeshes/Sphere.uasset" 379
"../../../Engine/Content/EngineResources/Black.uasset" 380
"../../../Engine/Content/EngineResources/DefaultTextureCube.uasset" 381
"../../../Engine/Content/EngineResources/DefaultVolumeTexture2D.uasset" 382
"../../../Engine/Content/EngineResources/DefaultVolumeTexture.uasset" 383
"../../../Engine/Content/EngineResources/GradientTexture0.uasset" 384
"../../../Engine/Content/EngineSky/VolumetricClouds/T_NoiseShape64.uasset" 385
"../../../Engine/Content/EngineSky/VolumetricClouds/T_VolumeNoiseShape64.uasset" 386
"../../../Engine/Content/EngineSky/VolumetricClouds/T_NoiseErosion.uasset" 387
"../../../Engine/Content/EngineSky/VolumetricClouds/T_VolumeNoiseErosion32.uasset" 388
"../../../Engine/Content/Functions/Engine_MaterialFunctions02/Utility/MakeFloat2.uasset" 389
"../../../Engine/Content/EngineSky/VolumetricClouds/CloudWeatherTexture.uasset" 390
"../../../Engine/Content/EngineSky/VolumetricClouds/CloudGradientTexture.uasset" 391
"../../../Engine/Content/EngineSky/VolumetricClouds/m_SimpleVolumetricCloud.uasset" 392
"../../../Engine/Content/EngineSky/VolumetricClouds/m_SimpleVolumetricCloud_Inst.uasset" 393
"../../../Engine/Content/EngineSounds/Master.uasset" 394
"../../../Engine/Content/Functions/Engine_MaterialFunctions01/Shading/PowerToRoughness.uasset" 395
"../../../Engine/Content/Maps/Templates/Thumbnails/Default.uasset" 396
"../../../Engine/Content/Maps/Templates/Thumbnails/TimeOfDay.uasset" 397
"../../../Engine/Content/Maps/Templates/Thumbnails/VR-Basic.uasset" 398
"../../../Engine/Content/MobileResources/T_MobileControls_texture.uasset" 399
"../../../Engine/Content/MobileResources/T_MobileMenu2.uasset" 400
"../../../Engine/Content/MobileResources/HUD/AnalogHat.uasset" 401
"../../../Engine/Content/MobileResources/HUD/VirtualJoystick_Thumb.uasset" 402
"../../../Engine/Content/MobileResources/HUD/VirtualJoystick_Background.uasset" 403
"../../../Engine/Content/MobileResources/HUD/DefaultVirtualJoysticks.uasset" 404
"../../../Engine/Content/MobileResources/HUD/LeftVirtualJoystickOnly.uasset" 405
"../../../Engine/Content/MobileResources/HUD/MobileHUDButton1_off.uasset" 406
"../../../Engine/Content/MobileResources/HUD/MobileHUDButton1_on.uasset" 407
"../../../Engine/Content/MobileResources/HUD/MobileHUDButton2_off.uasset" 408
"../../../Engine/Content/MobileResources/HUD/MobileHUDButton2_on.uasset" 409
"../../../Engine/Content/MobileResources/HUD/MobileHUDButton3.uasset" 410
"../../../Engine/Content/MobileResources/HUD/MobileHUDButtonFire.uasset" 411
"../../../Engine/Content/MobileResources/HUD/MobileHUDDirectionPad.uasset" 412
"../../../Engine/Content/MobileResources/HUD/MobileHUDDirectionPad2.uasset" 413
"../../../Engine/Content/MobileResources/HUD/MobileHUDDirectionPad3.uasset" 414
"../../../Engine/Content/MobileResources/HUD/MobileHUDDirectionStick.uasset" 415
"../../../Engine/Content/MobileResources/HUD/T_Castle_ThumbstickInner.uasset" 416
"../../../Engine/Content/MobileResources/HUD/T_Castle_ThumbstickOutter.uasset" 417
"../../../Engine/Content/Tutorial/ContentIntroCurve.uasset" 418
"../../../Engine/Content/Tutorial/Basics/LevelEditorAttract.uasset" 419
"../../../Engine/Content/VREditor/TransformGizmo/TranslucentTransformGizmoMaterial.uasset" 420
"../../../Engine/Content/VREditor/LaserPointer/VR_LaserPower_01.uasset" 421
"../../../Engine/Content/VREditor/TransformGizmo/TransformGizmoMaterial.uasset" 422
"../../../Engine/Content/VREditor/TransformGizmo/BoundingBoxCorner.uasset" 423
"../../../Engine/Content/VREditor/TransformGizmo/BoundingBoxEdge.uasset" 424
"../../../Engine/Content/VREditor/TransformGizmo/PlaneTranslationHandle.uasset" 425
"../../../Engine/Content/VREditor/TransformGizmo/Xray.uasset" 426
"../../../Engine/Content/VREditor/TransformGizmo/Main.uasset" 427
"../../../Engine/Content/VREditor/TransformGizmo/SM_Sequencer_Key.uasset" 428
"../../../Engine/Content/VREditor/TransformGizmo/SM_Sequencer_Node.uasset" 429
"../../Plugins/2D/Paper2D/Content/DummySprite.uasset" 430
"../../Plugins/2D/Paper2D/Content/DefaultPaperTerrainMaterial.uasset" 431
"../../Plugins/2D/Paper2D/Content/MaskedUnlitSpriteMaterial.uasset" 432
"../../Plugins/2D/Paper2D/Content/OpaqueUnlitSpriteMaterial.uasset" 433
"../../../Engine/Content/Functions/Engine_MaterialFunctions02/ObjectLocalBounds.uasset" 434
"../../../Engine/Content/Functions/Engine_MaterialFunctions02/Utility/BreakOutFloat3Components.uasset" 435
"../../Plugins/Editor/SpeedTreeImporter/Content/SpeedTree9/UnpackInteger3.uasset" 436
"../../Plugins/Editor/SpeedTreeImporter/Content/SpeedTree9/UnpackDirection.uasset" 437
"../../Plugins/Editor/SpeedTreeImporter/Content/SpeedTree9/game_wind_noise.uasset" 438
"../../../Engine/Content/Functions/Engine_MaterialFunctions02/SafeNormalize.uasset" 439
"../../Plugins/Editor/SpeedTreeImporter/Content/SpeedTree9/SpeedTreeWindMotion.uasset" 440
"../../Plugins/Editor/SpeedTreeImporter/Content/SpeedTree9/SpeedTreeBranchMotion.uasset" 441
"../../../Engine/Content/Functions/Engine_MaterialFunctions02/UVs/BoundingBoxBased_0-1_UVW.uasset" 442
"../../Plugins/Editor/SpeedTreeImporter/Content/SpeedTree9/SpeedTreeWind.uasset" 443
"../../Plugins/Editor/SpeedTreeImporter/Content/SpeedTree9/SpeedTreeBillboard.uasset" 444
"../../../Engine/Content/EngineResources/DefaultTexture.uasset" 445
"../../Plugins/Editor/SpeedTreeImporter/Content/SpeedTree9/SpeedTreeBillboardMaster.uasset" 446
"../../Plugins/Editor/SpeedTreeImporter/Content/SpeedTree9/SpeedTreeCameraFacing.uasset" 447
"../../Plugins/Editor/SpeedTreeImporter/Content/SpeedTree9/SpeedTreeMaster.uasset" 448
"../../../Engine/Content/BasicShapes/Cylinder.uasset" 449
"../../../Engine/Content/ArtTools/RenderToTexture/Materials/Debug/M_Emissive_Color.uasset" 450
"../../Plugins/Lumin/MagicLeapPassableWorld/Content/MagicLeapARPinInfoActor.uasset" 451
"../../../Engine/Content/Functions/Engine_MaterialFunctions02/Utility/MakeFloat3.uasset" 452
"../../../Engine/Content/Functions/Engine_MaterialFunctions02/Utility/BreakOutFloat4Components.uasset" 453
"../../Plugins/Runtime/Oculus/OculusVR/Content/Materials/OculusMR_ChromaKey.uasset" 454
"../../Plugins/Runtime/Oculus/OculusVR/Content/Materials/OculusMR_OpaqueColoredMaterial.uasset" 455
"../../Plugins/Runtime/Oculus/OculusVR/Content/Materials/PokeAHoleMaterial.uasset" 456
"../../../Engine/Content/EngineSky/T_Sky_Blue.uasset" 457
"../../../Engine/Content/EngineSky/T_Sky_Clouds_M.uasset" 458
"../../../Engine/Content/EngineSky/T_Sky_Stars.uasset" 459
"../../../Engine/Content/EngineSky/M_Sky_Panning_Clouds2.uasset" 460
"../../../Engine/Content/EngineSky/SM_SkySphere.uasset" 461
"../../../Engine/Content/EngineSky/C_Sky_Zenith_Color.uasset" 462
"../../../Engine/Content/EngineSky/C_Sky_Horizon_Color.uasset" 463
"../../../Engine/Content/EngineSky/C_Sky_Cloud_Color.uasset" 464
"../../../Engine/Content/EngineSky/BP_Sky_Sphere.uasset" 465
"E:/Projects/UnrealEngine/DoctorVsZombie/Content/Levels/test_BuiltData.uasset" 466
"../../../Engine/Content/BasicShapes/BasicShapeMaterial.uasset" 467
"../../../Engine/Content/BasicShapes/Cube.uasset" 468
"../../../Engine/Content/BasicShapes/Sphere.uasset" 469
"E:/Projects/UnrealEngine/DoctorVsZombie/Content/Levels/test.umap" 470
"../../../Engine/Content/EditorMeshes/ColorCalibrator/M_GreyBall.uasset" 471
"../../../Engine/Content/EditorMeshes/ColorCalibrator/Color_checker.uasset" 472
"../../../Engine/Content/EditorMeshes/ColorCalibrator/M_ColorGrid.uasset" 473
"../../../Engine/Content/EditorMeshes/ColorCalibrator/M_ClearCoatBlack.uasset" 474
"../../../Engine/Content/EditorMeshes/ColorCalibrator/M_ClearCoat.uasset" 475
"../../../Engine/Content/EditorMeshes/ColorCalibrator/M_ChromeBall.uasset" 476
"../../../Engine/Content/EditorMeshes/ColorCalibrator/SM_ColorCalibrator.uasset" 477
"E:/Projects/UnrealEngine/DoctorVsZombie/Content/StarterContent/Maps/Advanced_Lighting_BuiltData.uasset" 478
"E:/Projects/UnrealEngine/DoctorVsZombie/Content/StarterContent/HDRI/HDRI_Epic_Courtyard_Daylight.uasset" 479
"../../../Engine/Content/MapTemplates/Sky/DaylightAmbientCubemap.uasset" 480
"E:/Projects/UnrealEngine/DoctorVsZombie/Content/StarterContent/Blueprints/Assets/M_LightStage_Skybox_Master.uasset" 481
"E:/Projects/UnrealEngine/DoctorVsZombie/Content/StarterContent/Blueprints/Assets/M_LightStage_Skybox_HDRI.uasset" 482
"E:/Projects/UnrealEngine/DoctorVsZombie/Content/StarterContent/Blueprints/Assets/M_LightStage_Arrows.uasset" 483
"E:/Projects/UnrealEngine/DoctorVsZombie/Content/StarterContent/Blueprints/Assets/SM_Arrows.uasset" 484
"../../../Engine/Content/EditorMaterials/Thumbnails/SkySphereMaterial.uasset" 485
"E:/Projects/UnrealEngine/DoctorVsZombie/Content/StarterContent/Blueprints/Assets/Skybox.uasset" 486
"E:/Projects/UnrealEngine/DoctorVsZombie/Content/StarterContent/Blueprints/Assets/M_LightStage_Skybox_Black.uasset" 487
"E:/Projects/UnrealEngine/DoctorVsZombie/Content/StarterContent/Blueprints/Assets/SunlightColorLUT.uasset" 488
"E:/Projects/UnrealEngine/DoctorVsZombie/Content/StarterContent/Blueprints/Assets/FogBrightnessLUT.uasset" 489
"E:/Projects/UnrealEngine/DoctorVsZombie/Content/StarterContent/Blueprints/BP_LightStudio.uasset" 490
"E:/Projects/UnrealEngine/DoctorVsZombie/Content/StarterContent/Materials/M_AssetPlatform.uasset" 491
"E:/Projects/UnrealEngine/DoctorVsZombie/Content/StarterContent/Architecture/SM_AssetPlatform.uasset" 492
"E:/Projects/UnrealEngine/DoctorVsZombie/Content/StarterContent/Maps/Advanced_Lighting.umap" 493
"E:/Projects/UnrealEngine/DoctorVsZombie/Content/StarterContent/Textures/T_TableRound_N.uasset" 494
"E:/Projects/UnrealEngine/DoctorVsZombie/Content/StarterContent/Textures/T_TableRound_M.uasset" 495
"E:/Projects/UnrealEngine/DoctorVsZombie/Content/StarterContent/Props/Materials/M_TableRound.uasset" 496
"E:/Projects/UnrealEngine/DoctorVsZombie/Content/StarterContent/Props/SM_TableRound.uasset" 497
"E:/Projects/UnrealEngine/DoctorVsZombie/Content/StarterContent/Textures/T_Statue_N.uasset" 498
"E:/Projects/UnrealEngine/DoctorVsZombie/Content/StarterContent/Textures/T_Statue_M.uasset" 499
"E:/Projects/UnrealEngine/DoctorVsZombie/Content/StarterContent/Props/Materials/M_Statue.uasset" 500
"E:/Projects/UnrealEngine/DoctorVsZombie/Content/StarterContent/Props/Materials/M_StatueGlass.uasset" 501
"E:/Projects/UnrealEngine/DoctorVsZombie/Content/StarterContent/Props/SM_Statue.uasset" 502
"E:/Projects/UnrealEngine/DoctorVsZombie/Content/StarterContent/Props/SM_Chair.uasset" 503
"E:/Projects/UnrealEngine/DoctorVsZombie/Content/StarterContent/Textures/T_MacroVariation.uasset" 504
"E:/Projects/UnrealEngine/DoctorVsZombie/Content/StarterContent/Textures/T_Metal_Copper_D.uasset" 505
"E:/Projects/UnrealEngine/DoctorVsZombie/Content/StarterContent/Textures/T_Metal_Gold_N.uasset" 506
"E:/Projects/UnrealEngine/DoctorVsZombie/Content/StarterContent/Materials/M_Metal_Copper.uasset" 507
"E:/Projects/UnrealEngine/DoctorVsZombie/Content/StarterContent/Textures/T_Metal_Aluminum_D.uasset" 508
"E:/Projects/UnrealEngine/DoctorVsZombie/Content/StarterContent/Materials/M_Metal_Burnished_Steel.uasset" 509
"E:/Projects/UnrealEngine/DoctorVsZombie/Content/StarterContent/Materials/M_Metal_Brushed_Nickel.uasset" 510
"E:/Projects/UnrealEngine/DoctorVsZombie/Content/StarterContent/Maps/Minimal_Default_BuiltData.uasset" 511
"E:/Projects/UnrealEngine/DoctorVsZombie/Content/StarterContent/Audio/Starter_Background_Cue.uasset" 512
"E:/Projects/UnrealEngine/DoctorVsZombie/Content/StarterContent/Architecture/Floor_400x400.uasset" 513
"E:/Projects/UnrealEngine/DoctorVsZombie/Content/StarterContent/Maps/Minimal_Default.umap" 514
"E:/Projects/UnrealEngine/DoctorVsZombie/Content/StarterContent/Shapes/Shape_Sphere.uasset" 515
"E:/Projects/UnrealEngine/DoctorVsZombie/Content/StarterContent/Shapes/Shape_QuadPyramid.uasset" 516
"E:/Projects/UnrealEngine/DoctorVsZombie/Content/StarterContent/Shapes/Shape_Cube.uasset" 517
"E:/Projects/UnrealEngine/DoctorVsZombie/Content/StarterContent/Textures/T_Frame_N.uasset" 518
"E:/Projects/UnrealEngine/DoctorVsZombie/Content/StarterContent/Textures/T_Frame_M.uasset" 519
"E:/Projects/UnrealEngine/DoctorVsZombie/Content/StarterContent/Props/Materials/M_Frame.uasset" 520
"E:/Projects/UnrealEngine/DoctorVsZombie/Content/StarterContent/Props/SM_WindowFrame.uasset" 521
"E:/Projects/UnrealEngine/DoctorVsZombie/Content/StarterContent/Props/SM_PillarFrame300.uasset" 522
"E:/Projects/UnrealEngine/DoctorVsZombie/Content/StarterContent/Props/SM_PillarFrame.uasset" 523
"E:/Projects/UnrealEngine/DoctorVsZombie/Content/StarterContent/Props/SM_GlassWindow.uasset" 524
"E:/Projects/UnrealEngine/DoctorVsZombie/Content/StarterContent/Props/SM_DoorFrame.uasset" 525
"E:/Projects/UnrealEngine/DoctorVsZombie/Content/StarterContent/Props/SM_CornerFrame.uasset" 526
"E:/Projects/UnrealEngine/DoctorVsZombie/Content/StarterContent/Textures/T_Dust_Particle_D.uasset" 527
"E:/Projects/UnrealEngine/DoctorVsZombie/Content/StarterContent/Particles/Materials/M_Dust_Particle.uasset" 528
"E:/Projects/UnrealEngine/DoctorVsZombie/Content/StarterContent/Particles/P_Ambient_Dust.uasset" 529
"E:/Projects/UnrealEngine/DoctorVsZombie/Content/StarterContent/Textures/T_Wood_Walnut_N.uasset" 530
"E:/Projects/UnrealEngine/DoctorVsZombie/Content/StarterContent/Textures/T_Wood_Walnut_D.uasset" 531
"E:/Projects/UnrealEngine/DoctorVsZombie/Content/StarterContent/Materials/M_Wood_Walnut.uasset" 532
"E:/Projects/UnrealEngine/DoctorVsZombie/Content/StarterContent/Textures/T_Wood_Pine_N.uasset" 533
"E:/Projects/UnrealEngine/DoctorVsZombie/Content/StarterContent/Textures/T_Wood_Pine_D.uasset" 534
"E:/Projects/UnrealEngine/DoctorVsZombie/Content/StarterContent/Textures/T_Perlin_Noise_M.uasset" 535
"E:/Projects/UnrealEngine/DoctorVsZombie/Content/StarterContent/Materials/M_Wood_Pine.uasset" 536
"E:/Projects/UnrealEngine/DoctorVsZombie/Content/StarterContent/Textures/T_Wood_Oak_N.uasset" 537
"E:/Projects/UnrealEngine/DoctorVsZombie/Content/StarterContent/Textures/T_Wood_Oak_D.uasset" 538
"E:/Projects/UnrealEngine/DoctorVsZombie/Content/StarterContent/Materials/M_Wood_Oak.uasset" 539
"../../../Engine/Content/Functions/Engine_MaterialFunctions01/Opacity/AlphaOffset.uasset" 540
"E:/Projects/UnrealEngine/DoctorVsZombie/Content/StarterContent/Textures/T_Wood_Floor_Walnut_N.uasset" 541
"E:/Projects/UnrealEngine/DoctorVsZombie/Content/StarterContent/Textures/T_Wood_Floor_Walnut_M.uasset" 542
"E:/Projects/UnrealEngine/DoctorVsZombie/Content/StarterContent/Textures/T_Wood_Floor_Walnut_D.uasset" 543
"E:/Projects/UnrealEngine/DoctorVsZombie/Content/StarterContent/Materials/M_Wood_Floor_Walnut_Worn.uasset" 544
"E:/Projects/UnrealEngine/DoctorVsZombie/Content/StarterContent/Materials/M_Wood_Floor_Walnut_Polished.uasset" 545
"E:/Projects/UnrealEngine/DoctorVsZombie/Content/StarterContent/Textures/T_Water_M.uasset" 546
"E:/Projects/UnrealEngine/DoctorVsZombie/Content/StarterContent/Textures/T_Water_N.uasset" 547
"E:/Projects/UnrealEngine/DoctorVsZombie/Content/StarterContent/Materials/M_Water_Ocean.uasset" 548
"E:/Projects/UnrealEngine/DoctorVsZombie/Content/StarterContent/Materials/M_Water_Lake.uasset" 549
"E:/Projects/UnrealEngine/DoctorVsZombie/Content/StarterContent/Textures/T_Tech_Panel_N.uasset" 550
"E:/Projects/UnrealEngine/DoctorVsZombie/Content/StarterContent/Textures/T_Tech_Panel_M.uasset" 551
"E:/Projects/UnrealEngine/DoctorVsZombie/Content/StarterContent/Textures/T_Metal_Steel_D.uasset" 552
"E:/Projects/UnrealEngine/DoctorVsZombie/Content/StarterContent/Materials/M_Tech_Panel.uasset" 553
"E:/Projects/UnrealEngine/DoctorVsZombie/Content/StarterContent/Textures/T_Tech_Hex_Tile_N.uasset" 554
"E:/Projects/UnrealEngine/DoctorVsZombie/Content/StarterContent/Textures/T_Tech_Hex_Tile_M.uasset" 555
"E:/Projects/UnrealEngine/DoctorVsZombie/Content/StarterContent/Materials/M_Tech_Hex_Tile_Pulse.uasset" 556
"E:/Projects/UnrealEngine/DoctorVsZombie/Content/StarterContent/Materials/M_Tech_Hex_Tile.uasset" 557
"E:/Projects/UnrealEngine/DoctorVsZombie/Content/StarterContent/Textures/T_Tech_Dot_N.uasset" 558
"E:/Projects/UnrealEngine/DoctorVsZombie/Content/StarterContent/Textures/T_Tech_Dot_M.uasset" 559
"E:/Projects/UnrealEngine/DoctorVsZombie/Content/StarterContent/Textures/T_Single_Tile_N.uasset" 560
"E:/Projects/UnrealEngine/DoctorVsZombie/Content/StarterContent/Textures/T_Checker_Noise_M.uasset" 561
"E:/Projects/UnrealEngine/DoctorVsZombie/Content/StarterContent/Materials/M_Tech_Checker_Dot.uasset" 562
"E:/Projects/UnrealEngine/DoctorVsZombie/Content/StarterContent/Textures/T_Rock_Slate_N.uasset" 563
"E:/Projects/UnrealEngine/DoctorVsZombie/Content/StarterContent/Textures/T_Rock_Slate_D.uasset" 564
"E:/Projects/UnrealEngine/DoctorVsZombie/Content/StarterContent/Materials/M_Rock_Slate.uasset" 565
"E:/Projects/UnrealEngine/DoctorVsZombie/Content/StarterContent/Textures/T_Rock_Sandstone_N.uasset" 566
"E:/Projects/UnrealEngine/DoctorVsZombie/Content/StarterContent/Textures/T_Rock_Sandstone_D.uasset" 567
"E:/Projects/UnrealEngine/DoctorVsZombie/Content/StarterContent/Materials/M_Rock_Sandstone.uasset" 568
"E:/Projects/UnrealEngine/DoctorVsZombie/Content/StarterContent/Textures/T_Rock_Marble_Polished_D.uasset" 569
"E:/Projects/UnrealEngine/DoctorVsZombie/Content/StarterContent/Materials/M_Rock_Marble_Polished.uasset" 570
"E:/Projects/UnrealEngine/DoctorVsZombie/Content/StarterContent/Textures/T_Rock_Basalt_N.uasset" 571
"E:/Projects/UnrealEngine/DoctorVsZombie/Content/StarterContent/Materials/M_Rock_Basalt.uasset" 572
"E:/Projects/UnrealEngine/DoctorVsZombie/Content/StarterContent/Textures/T_Metal_Steel_N.uasset" 573
"E:/Projects/UnrealEngine/DoctorVsZombie/Content/StarterContent/Materials/M_Metal_Steel.uasset" 574
"E:/Projects/UnrealEngine/DoctorVsZombie/Content/StarterContent/Textures/T_Metal_Rust_D.uasset" 575
"E:/Projects/UnrealEngine/DoctorVsZombie/Content/StarterContent/Textures/T_Metal_Rust_N.uasset" 576
"E:/Projects/UnrealEngine/DoctorVsZombie/Content/StarterContent/Materials/M_Metal_Rust.uasset" 577
"E:/Projects/UnrealEngine/DoctorVsZombie/Content/StarterContent/Textures/T_Metal_Gold_D.uasset" 578
"E:/Projects/UnrealEngine/DoctorVsZombie/Content/StarterContent/Materials/M_Metal_Gold.uasset" 579
"E:/Projects/UnrealEngine/DoctorVsZombie/Content/StarterContent/Materials/M_Metal_Chrome.uasset" 580
"E:/Projects/UnrealEngine/DoctorVsZombie/Content/StarterContent/Textures/T_Ground_Moss_N.uasset" 581
"E:/Projects/UnrealEngine/DoctorVsZombie/Content/StarterContent/Textures/T_ground_Moss_D.uasset" 582
"E:/Projects/UnrealEngine/DoctorVsZombie/Content/StarterContent/Materials/M_Ground_Moss.uasset" 583
"E:/Projects/UnrealEngine/DoctorVsZombie/Content/StarterContent/Textures/T_Ground_Gravel_N.uasset" 584
"E:/Projects/UnrealEngine/DoctorVsZombie/Content/StarterContent/Textures/T_Ground_Gravel_D.uasset" 585
"E:/Projects/UnrealEngine/DoctorVsZombie/Content/StarterContent/Materials/M_Ground_Gravel.uasset" 586
"E:/Projects/UnrealEngine/DoctorVsZombie/Content/StarterContent/Textures/T_Ground_Grass_N.uasset" 587
"E:/Projects/UnrealEngine/DoctorVsZombie/Content/StarterContent/Textures/T_Ground_Grass_D.uasset" 588
"E:/Projects/UnrealEngine/DoctorVsZombie/Content/StarterContent/Materials/M_Ground_Grass.uasset" 589
"E:/Projects/UnrealEngine/DoctorVsZombie/Content/StarterContent/Textures/T_Concrete_Tiles_Variation_M.uasset" 590
"E:/Projects/UnrealEngine/DoctorVsZombie/Content/StarterContent/Textures/T_Concrete_Tiles_N.uasset" 591
"E:/Projects/UnrealEngine/DoctorVsZombie/Content/StarterContent/Textures/T_Concrete_Tiles_M.uasset" 592
"E:/Projects/UnrealEngine/DoctorVsZombie/Content/StarterContent/Textures/T_Concrete_Tiles_D.uasset" 593
"E:/Projects/UnrealEngine/DoctorVsZombie/Content/StarterContent/Materials/M_Concrete_Tiles.uasset" 594
"E:/Projects/UnrealEngine/DoctorVsZombie/Content/StarterContent/Textures/T_Concrete_Panels_N.uasset" 595
"E:/Projects/UnrealEngine/DoctorVsZombie/Content/StarterContent/Textures/T_Concrete_Panels_D.uasset" 596
"E:/Projects/UnrealEngine/DoctorVsZombie/Content/StarterContent/Materials/M_Concrete_Panels.uasset" 597
"E:/Projects/UnrealEngine/DoctorVsZombie/Content/StarterContent/Textures/T_Concrete_Grime_D.uasset" 598
"E:/Projects/UnrealEngine/DoctorVsZombie/Content/StarterContent/Materials/M_Concrete_Grime.uasset" 599
"E:/Projects/UnrealEngine/DoctorVsZombie/Content/StarterContent/Textures/T_CobbleStone_Smooth_N.uasset" 600
"E:/Projects/UnrealEngine/DoctorVsZombie/Content/StarterContent/Textures/T_CobbleStone_Smooth_M.uasset" 601
"E:/Projects/UnrealEngine/DoctorVsZombie/Content/StarterContent/Textures/T_CobbleStone_Smooth_D.uasset" 602
"E:/Projects/UnrealEngine/DoctorVsZombie/Content/StarterContent/Textures/T_Rock_Smooth_Granite_D.uasset" 603
"E:/Projects/UnrealEngine/DoctorVsZombie/Content/StarterContent/Textures/T_Gradinet_01.uasset" 604
"E:/Projects/UnrealEngine/DoctorVsZombie/Content/StarterContent/Materials/M_CobbleStone_Smooth.uasset" 605
"E:/Projects/UnrealEngine/DoctorVsZombie/Content/StarterContent/Textures/T_CobbleStone_Rough_N.uasset" 606
"E:/Projects/UnrealEngine/DoctorVsZombie/Content/StarterContent/Textures/T_CobbleStone_Rough_D.uasset" 607
"E:/Projects/UnrealEngine/DoctorVsZombie/Content/StarterContent/Materials/M_CobbleStone_Rough.uasset" 608
"E:/Projects/UnrealEngine/DoctorVsZombie/Content/StarterContent/Textures/T_CobbleStone_Pebble_N.uasset" 609
"E:/Projects/UnrealEngine/DoctorVsZombie/Content/StarterContent/Textures/T_CobbleStone_Pebble_M.uasset" 610
"E:/Projects/UnrealEngine/DoctorVsZombie/Content/StarterContent/Textures/T_CobbleStone_Pebble_D.uasset" 611
"E:/Projects/UnrealEngine/DoctorVsZombie/Content/StarterContent/Materials/M_CobbleStone_Pebble.uasset" 612
"E:/Projects/UnrealEngine/DoctorVsZombie/Content/StarterContent/Textures/T_Ceramic_Tile_N.uasset" 613
"E:/Projects/UnrealEngine/DoctorVsZombie/Content/StarterContent/Textures/T_Ceramic_Tile_M.uasset" 614
"E:/Projects/UnrealEngine/DoctorVsZombie/Content/StarterContent/Materials/M_Ceramic_Tile_Checker.uasset" 615
"E:/Projects/UnrealEngine/DoctorVsZombie/Content/StarterContent/Textures/T_Brick_Hewn_Stone_N.uasset" 616
"E:/Projects/UnrealEngine/DoctorVsZombie/Content/StarterContent/Textures/T_Brick_Hewn_Stone_M.uasset" 617
"E:/Projects/UnrealEngine/DoctorVsZombie/Content/StarterContent/Textures/T_Brick_Hewn_Stone_D.uasset" 618
"E:/Projects/UnrealEngine/DoctorVsZombie/Content/StarterContent/Materials/M_Brick_Hewn_Stone.uasset" 619
"E:/Projects/UnrealEngine/DoctorVsZombie/Content/StarterContent/Textures/T_Brick_Cut_Stone_N.uasset" 620
"E:/Projects/UnrealEngine/DoctorVsZombie/Content/StarterContent/Textures/T_Brick_Cut_Stone_D.uasset" 621
"E:/Projects/UnrealEngine/DoctorVsZombie/Content/StarterContent/Materials/M_Brick_Cut_Stone.uasset" 622
"E:/Projects/UnrealEngine/DoctorVsZombie/Content/StarterContent/Textures/T_Brick_Clay_Old_N.uasset" 623
"E:/Projects/UnrealEngine/DoctorVsZombie/Content/StarterContent/Textures/T_Brick_Clay_Old_D.uasset" 624
"E:/Projects/UnrealEngine/DoctorVsZombie/Content/StarterContent/Materials/M_Brick_Clay_Old.uasset" 625
"E:/Projects/UnrealEngine/DoctorVsZombie/Content/StarterContent/Textures/T_Brick_Clay_New_N.uasset" 626
"E:/Projects/UnrealEngine/DoctorVsZombie/Content/StarterContent/Textures/T_Brick_Clay_New_M.uasset" 627
"E:/Projects/UnrealEngine/DoctorVsZombie/Content/StarterContent/Textures/T_Brick_Clay_New_D.uasset" 628
"E:/Projects/UnrealEngine/DoctorVsZombie/Content/StarterContent/Materials/M_Brick_Clay_New.uasset" 629
"E:/Projects/UnrealEngine/DoctorVsZombie/Content/StarterContent/Textures/T_Brick_Clay_Beveled_N.uasset" 630
"E:/Projects/UnrealEngine/DoctorVsZombie/Content/StarterContent/Textures/T_Brick_Clay_Beveled_M.uasset" 631
"E:/Projects/UnrealEngine/DoctorVsZombie/Content/StarterContent/Textures/T_Brick_Clay_Beveled_D.uasset" 632
"E:/Projects/UnrealEngine/DoctorVsZombie/Content/StarterContent/Materials/M_Brick_Clay_Beveled.uasset" 633
"../../../Engine/Content/Functions/Engine_MaterialFunctions03/Procedurals/ComputeFilterWidth.uasset" 634
"../../../Engine/Content/EngineMaterials/AntiAliasedTextMaterialTranslucent.uasset" 635
"E:/Projects/UnrealEngine/DoctorVsZombie/Content/StarterContent/Maps/StarterMap_BuiltData.uasset" 636
"E:/Projects/UnrealEngine/DoctorVsZombie/Content/StarterContent/Textures/T_Concrete_Poured_N.uasset" 637
"E:/Projects/UnrealEngine/DoctorVsZombie/Content/StarterContent/Textures/T_Concrete_Poured_D.uasset" 638
"E:/Projects/UnrealEngine/DoctorVsZombie/Content/StarterContent/Materials/M_Concrete_Poured.uasset" 639
"E:/Projects/UnrealEngine/DoctorVsZombie/Content/StarterContent/Textures/T_Lamp_N.uasset" 640
"E:/Projects/UnrealEngine/DoctorVsZombie/Content/StarterContent/Textures/T_Lamp_M.uasset" 641
"E:/Projects/UnrealEngine/DoctorVsZombie/Content/StarterContent/Props/Materials/M_Lamp.uasset" 642
"E:/Projects/UnrealEngine/DoctorVsZombie/Content/StarterContent/Props/SM_Lamp_Wall.uasset" 643
"E:/Projects/UnrealEngine/DoctorVsZombie/Content/StarterContent/Blueprints/Blueprint_WallSconce.uasset" 644
"E:/Projects/UnrealEngine/DoctorVsZombie/Content/StarterContent/Particles/P_Steam_Lit.uasset" 645
"E:/Projects/UnrealEngine/DoctorVsZombie/Content/StarterContent/Audio/Steam01_Cue.uasset" 646
"E:/Projects/UnrealEngine/DoctorVsZombie/Content/StarterContent/Blueprints/Blueprint_Effect_Steam.uasset" 647
"E:/Projects/UnrealEngine/DoctorVsZombie/Content/StarterContent/Textures/T_Spark_Core.uasset" 648
"E:/Projects/UnrealEngine/DoctorVsZombie/Content/StarterContent/Particles/Materials/M_Spark.uasset" 649
"E:/Projects/UnrealEngine/DoctorVsZombie/Content/StarterContent/Particles/Materials/M_Radial_Gradient.uasset" 650
"E:/Projects/UnrealEngine/DoctorVsZombie/Content/StarterContent/Particles/P_Sparks.uasset" 651
"E:/Projects/UnrealEngine/DoctorVsZombie/Content/StarterContent/Audio/Fire_Sparks01_Cue.uasset" 652
"E:/Projects/UnrealEngine/DoctorVsZombie/Content/StarterContent/Blueprints/Blueprint_Effect_Sparks.uasset" 653
"E:/Projects/UnrealEngine/DoctorVsZombie/Content/StarterContent/Particles/P_Smoke.uasset" 654
"E:/Projects/UnrealEngine/DoctorVsZombie/Content/StarterContent/Audio/Smoke01_Cue.uasset" 655
"E:/Projects/UnrealEngine/DoctorVsZombie/Content/StarterContent/Blueprints/Blueprint_Effect_Smoke.uasset" 656
"E:/Projects/UnrealEngine/DoctorVsZombie/Content/StarterContent/Particles/Materials/M_Heat_Distortion.uasset" 657
"E:/Projects/UnrealEngine/DoctorVsZombie/Content/StarterContent/Textures/T_Fire_Tiled_D.uasset" 658
"E:/Projects/UnrealEngine/DoctorVsZombie/Content/StarterContent/Textures/T_Fire_SubUV.uasset" 659
"E:/Projects/UnrealEngine/DoctorVsZombie/Content/StarterContent/Particles/Materials/M_Fire_SubUV.uasset" 660
"E:/Projects/UnrealEngine/DoctorVsZombie/Content/StarterContent/Particles/P_Fire.uasset" 661
"E:/Projects/UnrealEngine/DoctorVsZombie/Content/StarterContent/Audio/Fire01_Cue.uasset" 662
"E:/Projects/UnrealEngine/DoctorVsZombie/Content/StarterContent/Blueprints/Blueprint_Effect_Fire.uasset" 663
"E:/Projects/UnrealEngine/DoctorVsZombie/Content/StarterContent/Props/SM_Lamp_Ceiling.uasset" 664
"E:/Projects/UnrealEngine/DoctorVsZombie/Content/StarterContent/Blueprints/Blueprint_CeilingLight.uasset" 665
"E:/Projects/UnrealEngine/DoctorVsZombie/Content/StarterContent/Audio/Starter_Music_Cue.uasset" 666
"E:/Projects/UnrealEngine/DoctorVsZombie/Content/StarterContent/Audio/Collapse_Cue.uasset" 667
"E:/Projects/UnrealEngine/DoctorVsZombie/Content/StarterContent/Architecture/Wall_Window_400x300.uasset" 668
"E:/Projects/UnrealEngine/DoctorVsZombie/Content/StarterContent/Architecture/Wall_Door_400x300.uasset" 669
"E:/Projects/UnrealEngine/DoctorVsZombie/Content/StarterContent/Architecture/Wall_400x200.uasset" 670
"E:/Projects/UnrealEngine/DoctorVsZombie/Content/StarterContent/Maps/StarterMap.umap" 671
"E:/Projects/UnrealEngine/DoctorVsZombie/Content/Widgetsmenu/PLAY_done.uasset" 672
"E:/Projects/UnrealEngine/DoctorVsZombie/Content/Widgetsmenu/SAVE_BOX_RED.uasset" 673
"E:/Projects/UnrealEngine/DoctorVsZombie/Content/Widgetsmenu/SAVE_BOX_GRAY.uasset" 674
"E:/Projects/UnrealEngine/DoctorVsZombie/Content/Widgetsmenu/xd1.uasset" 675
"E:/Projects/UnrealEngine/DoctorVsZombie/Content/Widgetsmenu/SETTINGS_done.uasset" 676
"E:/Projects/UnrealEngine/DoctorVsZombie/Content/Widgetsmenu/LOAD_done.uasset" 677
"E:/Projects/UnrealEngine/DoctorVsZombie/Content/Widgetsmenu/Hand1.uasset" 678
"E:/Projects/UnrealEngine/DoctorVsZombie/Content/Widgetsmenu/EXIT_done.uasset" 679
"E:/Projects/UnrealEngine/DoctorVsZombie/Content/Widgetsmenu/Menu_start_load.uasset" 680
"E:/Projects/UnrealEngine/DoctorVsZombie/Content/Widgetsmenu/Menu_start.uasset" 681
"E:/Projects/UnrealEngine/DoctorVsZombie/Content/Widgetsmenu/SAVE_done.uasset" 682
"E:/Projects/UnrealEngine/DoctorVsZombie/Content/Widgetsmenu/GUI_Continue1.uasset" 683
"E:/Projects/UnrealEngine/DoctorVsZombie/Content/Widgetsmenu/Menu_pause_load.uasset" 684
"E:/Projects/UnrealEngine/DoctorVsZombie/Content/Widgetsmenu/Menu_pause_save.uasset" 685
"E:/Projects/UnrealEngine/DoctorVsZombie/Content/Widgetsmenu/Menu_pause.uasset" 686
"E:/Projects/UnrealEngine/DoctorVsZombie/Content/Widgetsmenu/Main_menu_1.umap" 687
"E:/Projects/UnrealEngine/DoctorVsZombie/Content/TopDownCPP/Maps/TopDownExampleMap_BuiltData.uasset" 688
"E:/Projects/UnrealEngine/DoctorVsZombie/Content/TopDownCPP/Maps/TopDownExampleMap.umap" 689
"../../../Engine/Content/Maps/Entry_BuiltData.uasset" 690
"../../../Engine/Content/Maps/Entry.umap" 691
